xilinx rtfpga
INFO: [Synth 8-5544] ROM "regs/receiver/toc_value" won't be mapped to Block RAM because address size (4) smaller than threshold (5)
INFO: [Synth 8-5544] ROM "regs/receiver/" won't be mapped to Block RAM because address size (2) smaller than threshold (5)
INFO: [Synth 8-3886] merging instance 'gpio_pushbutton/sync_clk_reg' (FDC) to 'gpio_pushbutton/sync_reg[31]'
INFO: [Synth 8-3886] merging instance 'gpio_rojobot/sync_clk_reg' (FDC) to 'gpio_rojobot/wb_err_o_reg'
INFO: [Synth 8-3886] merging instance 'gpio_rojobot_i/sync_clk_reg' (FDC) to 'gpio_rojobot_i/sync_reg[31]'
INFO: [Synth 8-3886] merging instance 'gpio_module/sync_clk_reg' (FDC) to 'gpio_module/wb_err_o_reg'
INFO: [Synth 8-3886] merging instance 'gpio_rojobot_i/sync_reg[30]' (FDC) to 'gpio_rojobot_i/sync_reg[31]'
INFO: [Synth 8-3886] merging instance 'gpio_pushbutton/sync_reg[30]' (FDC) to 'gpio_pushbutton/sync_reg[31]'
INFO: [Synth 8-3886] merging instance 'gpio_rojobot_i/sync_reg[14]' (FDC) to 'gpio_rojobot_i/sync_reg[31]'
INFO: [Synth 8-3886] merging instance 'gpio_pushbutton/sync_reg[14]' (FDC) to 'gpio_pushbutton/sync_reg[31]'
INFO: [Synth 8-3886] merging instance 'gpio_rojobot_i/sync_reg[22]' (FDC) to 'gpio_rojobot_i/sync_reg[31]'
INFO: [Synth 8-3886] merging instance 'gpio_pushbutton/sync_reg[22]' (FDC) to 'gpio_pushbutton/sync_reg[31]'
INFO: [Synth 8-3886] merging instance 'gpio_rojobot_i/sync_reg[6]' (FDC) to 'gpio_rojobot_i/sync_reg[31]'
INFO: [Synth 8-3886] merging instance 'gpio_pushbutton/sync_reg[6]' (FDC) to 'gpio_pushbutton/sync_reg[31]'
INFO: [Synth 8-3886] merging instance 'gpio_rojobot_i/sync_reg[26]' (FDC) to 'gpio_rojobot_i/sync_reg[31]'
INFO: [Synth 8-3886] merging instance 'gpio_pushbutton/sync_reg[26]' (FDC) to 'gpio_pushbutton/sync_reg[31]'
INFO: [Synth 8-3886] merging instance 'gpio_rojobot_i/sync_reg[10]' (FDC) to 'gpio_rojobot_i/sync_reg[31]'
INFO: [Synth 8-3886] merging instance 'gpio_pushbutton/sync_reg[10]' (FDC) to 'gpio_pushbutton/sync_reg[31]'
INFO: [Synth 8-3886] merging instance 'gpio_rojobot_i/sync_reg[18]' (FDC) to 'gpio_rojobot_i/sync_reg[31]'
INFO: [Synth 8-3886] merging instance 'gpio_pushbutton/sync_reg[18]' (FDC) to 'gpio_pushbutton/sync_reg[31]'
INFO: [Synth 8-3886] merging instance 'gpio_rojobot_i/sync_reg[2]' (FDC) to 'gpio_rojobot_i/sync_reg[31]'
INFO: [Synth 8-3886] merging instance 'gpio_rojobot_i/sync_reg[28]' (FDC) to 'gpio_rojobot_i/sync_reg[31]'
INFO: [Synth 8-3886] merging instance 'gpio_pushbutton/sync_reg[28]' (FDC) to 'gpio_pushbutton/sync_reg[31]'
INFO: [Synth 8-3886] merging instance 'gpio_rojobot_i/sync_reg[12]' (FDC) to 'gpio_rojobot_i/sync_reg[31]'
INFO: [Synth 8-3886] merging instance 'gpio_pushbutton/sync_reg[12]' (FDC) to 'gpio_pushbutton/sync_reg[31]'
INFO: [Synth 8-3886] merging instance 'gpio_rojobot_i/sync_reg[20]' (FDC) to 'gpio_rojobot_i/sync_reg[31]'
INFO: [Synth 8-3886] merging instance 'gpio_pushbutton/sync_reg[20]' (FDC) to 'gpio_pushbutton/sync_reg[31]'
INFO: [Synth 8-3886] merging instance 'gpio_rojobot_i/sync_reg[4]' (FDC) to 'gpio_rojobot_i/sync_reg[31]'
INFO: [Synth 8-3886] merging instance 'gpio_rojobot_i/sync_reg[24]' (FDC) to 'gpio_rojobot_i/sync_reg[31]'
INFO: [Synth 8-3886] merging instance 'gpio_pushbutton/sync_reg[24]' (FDC) to 'gpio_pushbutton/sync_reg[31]'
INFO: [Synth 8-3886] merging instance 'gpio_rojobot_i/sync_reg[8]' (FDC) to 'gpio_rojobot_i/sync_reg[31]'
INFO: [Synth 8-3886] merging instance 'gpio_pushbutton/sync_reg[8]' (FDC) to 'gpio_pushbutton/sync_reg[31]'
INFO: [Synth 8-3886] merging instance 'gpio_rojobot_i/sync_reg[16]' (FDC) to 'gpio_rojobot_i/sync_reg[31]'
INFO: [Synth 8-3886] merging instance 'gpio_pushbutton/sync_reg[16]' (FDC) to 'gpio_pushbutton/sync_reg[31]'
INFO: [Synth 8-3886] merging instance 'gpio_rojobot_i/sync_reg[29]' (FDC) to 'gpio_rojobot_i/sync_reg[31]'
INFO: [Synth 8-3886] merging instance 'gpio_pushbutton/sync_reg[29]' (FDC) to 'gpio_pushbutton/sync_reg[31]'
INFO: [Synth 8-3886] merging instance 'gpio_rojobot_i/sync_reg[13]' (FDC) to 'gpio_rojobot_i/sync_reg[31]'
INFO: [Synth 8-3886] merging instance 'gpio_pushbutton/sync_reg[13]' (FDC) to 'gpio_pushbutton/sync_reg[31]'
INFO: [Synth 8-3886] merging instance 'gpio_rojobot_i/sync_reg[21]' (FDC) to 'gpio_rojobot_i/sync_reg[31]'
INFO: [Synth 8-3886] merging instance 'gpio_pushbutton/sync_reg[21]' (FDC) to 'gpio_pushbutton/sync_reg[31]'
INFO: [Synth 8-3886] merging instance 'gpio_rojobot_i/sync_reg[5]' (FDC) to 'gpio_rojobot_i/sync_reg[31]'
INFO: [Synth 8-3886] merging instance 'gpio_pushbutton/sync_reg[5]' (FDC) to 'gpio_pushbutton/sync_reg[31]'
INFO: [Synth 8-3886] merging instance 'gpio_rojobot_i/sync_reg[25]' (FDC) to 'gpio_rojobot_i/sync_reg[31]'
INFO: [Synth 8-3886] merging instance 'gpio_pushbutton/sync_reg[25]' (FDC) to 'gpio_pushbutton/sync_reg[31]'
INFO: [Synth 8-3886] merging instance 'gpio_rojobot_i/sync_reg[9]' (FDC) to 'gpio_rojobot_i/sync_reg[31]'
INFO: [Synth 8-3886] merging instance 'gpio_pushbutton/sync_reg[9]' (FDC) to 'gpio_pushbutton/sync_reg[31]'
INFO: [Synth 8-3886] merging instance 'gpio_rojobot_i/sync_reg[17]' (FDC) to 'gpio_rojobot_i/sync_reg[31]'
INFO: [Synth 8-3886] merging instance 'gpio_pushbutton/sync_reg[17]' (FDC) to 'gpio_pushbutton/sync_reg[31]'
INFO: [Synth 8-3886] merging instance 'gpio_rojobot_i/sync_reg[27]' (FDC) to 'gpio_rojobot_i/sync_reg[31]'
INFO: [Synth 8-3886] merging instance 'gpio_pushbutton/sync_reg[27]' (FDC) to 'gpio_pushbutton/sync_reg[31]'
INFO: [Synth 8-3886] merging instance 'gpio_rojobot_i/sync_reg[11]' (FDC) to 'gpio_rojobot_i/sync_reg[31]'
INFO: [Synth 8-3886] merging instance 'gpio_pushbutton/sync_reg[11]' (FDC) to 'gpio_pushbutton/sync_reg[31]'
INFO: [Synth 8-3886] merging instance 'gpio_rojobot_i/sync_reg[19]' (FDC) to 'gpio_rojobot_i/sync_reg[31]'
INFO: [Synth 8-3886] merging instance 'gpio_pushbutton/sync_reg[19]' (FDC) to 'gpio_pushbutton/sync_reg[31]'
INFO: [Synth 8-3886] merging instance 'gpio_rojobot_i/sync_reg[3]' (FDC) to 'gpio_rojobot_i/sync_reg[31]'
INFO: [Synth 8-3886] merging instance 'gpio_rojobot_i/sync_reg[23]' (FDC) to 'gpio_rojobot_i/sync_reg[31]'
INFO: [Synth 8-3886] merging instance 'gpio_pushbutton/sync_reg[23]' (FDC) to 'gpio_pushbutton/sync_reg[31]'
INFO: [Synth 8-3886] merging instance 'gpio_rojobot_i/sync_reg[7]' (FDC) to 'gpio_rojobot_i/sync_reg[31]'
INFO: [Synth 8-3886] merging instance 'gpio_pushbutton/sync_reg[7]' (FDC) to 'gpio_pushbutton/sync_reg[31]'
INFO: [Synth 8-3886] merging instance 'gpio_rojobot_i/sync_reg[15]' (FDC) to 'gpio_rojobot_i/sync_reg[31]'
INFO: [Synth 8-3886] merging instance 'gpio_pushbutton/sync_reg[15]' (FDC) to 'gpio_pushbutton/sync_reg[31]'
INFO: [Synth 8-3886] merging instance 'gpio_pushbutton/clk_s_reg' (FDC) to 'gpio_pushbutton/ext_pad_s_reg[15]'
INFO: [Synth 8-3886] merging instance 'gpio_pushbutton/sync_reg[31]' (FDC) to 'gpio_pushbutton/wb_err_o_reg'
INFO: [Synth 8-3886] merging instance 'gpio_rojobot_i/clk_s_reg' (FDC) to 'gpio_rojobot_i/ext_pad_s_reg[15]'
INFO: [Synth 8-3886] merging instance 'gpio_rojobot_i/sync_reg[31]' (FDC) to 'gpio_rojobot_i/wb_err_o_reg'
INFO: [Synth 8-3886] merging instance 'uart16550_0/regs/delayed_modem_signals_reg[0]' (FDC) to 'uart16550_0/regs/delayed_modem_signals_reg[1]'
INFO: [Synth 8-3886] merging instance 'uart16550_0/regs/delayed_modem_signals_reg[1]' (FDC) to 'uart16550_0/regs/delayed_modem_signals_reg[2]'
INFO: [Synth 8-3886] merging instance 'uart16550_0/regs/delayed_modem_signals_reg[2]' (FDC) to 'uart16550_0/regs/delayed_modem_signals_reg[3]'
INFO: [Synth 8-3886] merging instance 'gpio_rojobot_i/ext_pad_s_reg[30]' (FDC) to 'gpio_rojobot_i/ext_pad_s_reg[31]'
INFO: [Synth 8-3886] merging instance 'gpio_pushbutton/ext_pad_s_reg[30]' (FDC) to 'gpio_pushbutton/ext_pad_s_reg[31]'
INFO: [Synth 8-3886] merging instance 'gpio_rojobot_i/ext_pad_s_reg[14]' (FDC) to 'gpio_rojobot_i/ext_pad_s_reg[31]'
INFO: [Synth 8-3886] merging instance 'gpio_pushbutton/ext_pad_s_reg[14]' (FDC) to 'gpio_pushbutton/ext_pad_s_reg[31]'
INFO: [Synth 8-3886] merging instance 'gpio_rojobot_i/ext_pad_s_reg[22]' (FDC) to 'gpio_rojobot_i/ext_pad_s_reg[31]'
INFO: [Synth 8-3886] merging instance 'gpio_pushbutton/ext_pad_s_reg[22]' (FDC) to 'gpio_pushbutton/ext_pad_s_reg[31]'
INFO: [Synth 8-3886] merging instance 'gpio_rojobot_i/ext_pad_s_reg[6]' (FDC) to 'gpio_rojobot_i/ext_pad_s_reg[31]'
INFO: [Synth 8-3886] merging instance 'gpio_pushbutton/ext_pad_s_reg[6]' (FDC) to 'gpio_pushbutton/ext_pad_s_reg[31]'
INFO: [Synth 8-3886] merging instance 'gpio_rojobot_i/ext_pad_s_reg[26]' (FDC) to 'gpio_rojobot_i/ext_pad_s_reg[31]'
INFO: [Synth 8-3886] merging instance 'gpio_pushbutton/ext_pad_s_reg[26]' (FDC) to 'gpio_pushbutton/ext_pad_s_reg[31]'
INFO: [Synth 8-3886] merging instance 'gpio_rojobot_i/ext_pad_s_reg[10]' (FDC) to 'gpio_rojobot_i/ext_pad_s_reg[31]'
INFO: [Synth 8-3886] merging instance 'gpio_pushbutton/ext_pad_s_reg[10]' (FDC) to 'gpio_pushbutton/ext_pad_s_reg[31]'
INFO: [Synth 8-3886] merging instance 'gpio_rojobot_i/ext_pad_s_reg[18]' (FDC) to 'gpio_rojobot_i/ext_pad_s_reg[31]'
INFO: [Synth 8-3886] merging instance 'gpio_pushbutton/ext_pad_s_reg[18]' (FDC) to 'gpio_pushbutton/ext_pad_s_reg[31]'
INFO: [Synth 8-3886] merging instance 'gpio_rojobot_i/ext_pad_s_reg[2]' (FDC) to 'gpio_rojobot_i/ext_pad_s_reg[31]'
INFO: [Synth 8-3886] merging instance 'gpio_rojobot_i/ext_pad_s_reg[28]' (FDC) to 'gpio_rojobot_i/ext_pad_s_reg[31]'
INFO: [Synth 8-3886] merging instance 'gpio_pushbutton/ext_pad_s_reg[28]' (FDC) to 'gpio_pushbutton/ext_pad_s_reg[31]'
INFO: [Synth 8-3886] merging instance 'gpio_rojobot_i/ext_pad_s_reg[12]' (FDC) to 'gpio_rojobot_i/ext_pad_s_reg[31]'
INFO: [Synth 8-3886] merging instance 'gpio_pushbutton/ext_pad_s_reg[12]' (FDC) to 'gpio_pushbutton/ext_pad_s_reg[31]'
INFO: [Synth 8-3886] merging instance 'gpio_rojobot_i/ext_pad_s_reg[20]' (FDC) to 'gpio_rojobot_i/ext_pad_s_reg[31]'
INFO: [Synth 8-3886] merging instance 'gpio_pushbutton/ext_pad_s_reg[20]' (FDC) to 'gpio_pushbutton/ext_pad_s_reg[31]'
INFO: [Synth 8-3886] merging instance 'gpio_rojobot_i/ext_pad_s_reg[4]' (FDC) to 'gpio_rojobot_i/ext_pad_s_reg[31]'
INFO: [Synth 8-3886] merging instance 'gpio_rojobot_i/ext_pad_s_reg[24]' (FDC) to 'gpio_rojobot_i/ext_pad_s_reg[31]'
INFO: [Synth 8-3886] merging instance 'gpio_pushbutton/ext_pad_s_reg[24]' (FDC) to 'gpio_pushbutton/ext_pad_s_reg[31]'
INFO: [Synth 8-3886] merging instance 'gpio_rojobot_i/ext_pad_s_reg[8]' (FDC) to 'gpio_rojobot_i/ext_pad_s_reg[31]'
INFO: [Synth 8-3886] merging instance 'gpio_pushbutton/ext_pad_s_reg[8]' (FDC) to 'gpio_pushbutton/ext_pad_s_reg[31]'
INFO: [Synth 8-3886] merging instance 'gpio_rojobot_i/ext_pad_s_reg[16]' (FDC) to 'gpio_rojobot_i/ext_pad_s_reg[31]'
INFO: [Synth 8-3886] merging instance 'gpio_pushbutton/ext_pad_s_reg[16]' (FDC) to 'gpio_pushbutton/ext_pad_s_reg[31]'
INFO: [Synth 8-3886] merging instance 'gpio_rojobot_i/ext_pad_s_reg[29]' (FDC) to 'gpio_rojobot_i/ext_pad_s_reg[31]'
INFO: [Synth 8-3886] merging instance 'gpio_pushbutton/ext_pad_s_reg[29]' (FDC) to 'gpio_pushbutton/ext_pad_s_reg[31]'
INFO: [Synth 8-3886] merging instance 'gpio_rojobot_i/ext_pad_s_reg[13]' (FDC) to 'gpio_rojobot_i/ext_pad_s_reg[31]'
INFO: [Synth 8-3886] merging instance 'gpio_pushbutton/ext_pad_s_reg[13]' (FDC) to 'gpio_pushbutton/ext_pad_s_reg[31]'
INFO: [Synth 8-3886] merging instance 'gpio_rojobot_i/ext_pad_s_reg[21]' (FDC) to 'gpio_rojobot_i/ext_pad_s_reg[31]'
INFO: [Common 17-14] Message 'Synth 8-3886' appears 100 times and further instances of the messages will be disabled. Use the Tcl command set_msg_config to change the current settings.
INFO: [Synth 8-3333] propagating constant 0 across sequential element (gpio_module/wb_err_o_reg)
INFO: [Synth 8-3333] propagating constant 0 across sequential element (gpio_pushbutton/wb_err_o_reg)
INFO: [Synth 8-3333] propagating constant 0 across sequential element (gpio_rojobot_i/wb_err_o_reg)
INFO: [Synth 8-3333] propagating constant 0 across sequential element (gpio_rojobot/wb_err_o_reg)
INFO: [Synth 8-3333] propagating constant 1 across sequential element (spi2/\spcr_reg[4] )
INFO: [Synth 8-3333] propagating constant 1 across sequential element (spi/\spcr_reg[4] )
INFO: [Synth 8-3333] propagating constant 0 across sequential element (gpio_pushbutton/clk_r_reg)
INFO: [Synth 8-3333] propagating constant 0 across sequential element (gpio_rojobot/clk_r_reg)
INFO: [Synth 8-3333] propagating constant 0 across sequential element (gpio_rojobot_i/clk_r_reg)
INFO: [Synth 8-3333] propagating constant 0 across sequential element (gpio_module/clk_r_reg)
