xilinx rtfpga
INFO: [Synth 8-3333] propagating constant 0 across sequential element (\axi_intercon/axi_xbar /\gen_slv_port_demux[0].i_axi_err_slv /\i_w_fifo/read_pointer_q_reg[0] )
INFO: [Synth 8-3333] propagating constant 0 across sequential element (\axi_intercon/axi_xbar /\gen_slv_port_demux[0].i_axi_err_slv /\i_w_fifo/read_pointer_q_reg[1] )
INFO: [Synth 8-3333] propagating constant 0 across sequential element (\axi_intercon/axi_xbar /\gen_slv_port_demux[0].i_axi_err_slv /\i_b_fifo/write_pointer_q_reg[0] )
INFO: [Synth 8-3333] propagating constant 0 across sequential element (\axi_intercon/axi_xbar /\gen_slv_port_demux[2].i_axi_err_slv /\i_atop_filter/r_resp_cmd/i_fifo/i_fifo_v3/write_pointer_q_reg[0] )
INFO: [Synth 8-3333] propagating constant 0 across sequential element (\axi_intercon/axi_xbar /\gen_slv_port_demux[1].i_axi_err_slv /\i_atop_filter/r_resp_cmd/i_fifo/i_fifo_v3/write_pointer_q_reg[0] )
INFO: [Synth 8-3333] propagating constant 0 across sequential element (\axi_intercon/axi_xbar /\gen_slv_port_demux[0].i_axi_err_slv /\i_atop_filter/r_resp_cmd/i_fifo/i_fifo_v3/write_pointer_q_reg[0] )
INFO: [Synth 8-3886] merging instance 'axi_intercon/axi_xbar/gen_slv_port_demux[0].i_axi_err_slv/i_b_fifo/mem_q_reg[1][3]' (FDCE) to 'axi_intercon/axi_xbar/gen_slv_port_demux[0].i_axi_err_slv/i_b_fifo/mem_q_reg[0][3]'
INFO: [Synth 8-3333] propagating constant 0 across sequential element (\axi_intercon/axi_xbar /\gen_slv_port_demux[0].i_axi_err_slv /\i_b_fifo/mem_q_reg[0][3] )
INFO: [Synth 8-3886] merging instance 'axi_intercon/axi_xbar/gen_slv_port_demux[0].i_axi_err_slv/i_b_fifo/mem_q_reg[1][2]' (FDCE) to 'axi_intercon/axi_xbar/gen_slv_port_demux[0].i_axi_err_slv/i_b_fifo/mem_q_reg[0][2]'
INFO: [Synth 8-3333] propagating constant 0 across sequential element (\axi_intercon/axi_xbar /\gen_slv_port_demux[0].i_axi_err_slv /\i_b_fifo/mem_q_reg[0][2] )
INFO: [Synth 8-3886] merging instance 'axi_intercon/axi_xbar/gen_slv_port_demux[0].i_axi_err_slv/i_b_fifo/mem_q_reg[1][1]' (FDCE) to 'axi_intercon/axi_xbar/gen_slv_port_demux[0].i_axi_err_slv/i_b_fifo/mem_q_reg[0][1]'
INFO: [Synth 8-3333] propagating constant 0 across sequential element (\axi_intercon/axi_xbar /\gen_slv_port_demux[0].i_axi_err_slv /\i_b_fifo/mem_q_reg[0][1] )
INFO: [Synth 8-3886] merging instance 'axi_intercon/axi_xbar/gen_slv_port_demux[0].i_axi_err_slv/i_b_fifo/mem_q_reg[1][0]' (FDCE) to 'axi_intercon/axi_xbar/gen_slv_port_demux[0].i_axi_err_slv/i_b_fifo/mem_q_reg[0][0]'
INFO: [Synth 8-3333] propagating constant 0 across sequential element (\axi_intercon/axi_xbar /\gen_slv_port_demux[0].i_axi_err_slv /\i_b_fifo/read_pointer_q_reg[0] )
INFO: [Synth 8-3333] propagating constant 0 across sequential element (\axi_intercon/axi_xbar /\gen_slv_port_demux[0].i_axi_err_slv /\i_b_fifo/mem_q_reg[0][0] )
INFO: [Synth 8-3886] merging instance 'axi_intercon/axi_xbar/gen_slv_port_demux[0].i_axi_demux/gen_demux.i_aw_spill_reg/gen_spill_reg.a_data_q_reg[aw_chan][qos][0]' (FDCE) to 'axi_intercon/axi_xbar/gen_slv_port_demux[0].i_axi_demux/gen_demux.i_aw_spill_reg/gen_spill_reg.a_data_q_reg[aw_chan][atop][5]'
INFO: [Synth 8-3886] merging instance 'axi_intercon/axi_xbar/gen_slv_port_demux[0].i_axi_demux/gen_demux.i_aw_spill_reg/gen_spill_reg.a_data_q_reg[aw_chan][qos][1]' (FDCE) to 'axi_intercon/axi_xbar/gen_slv_port_demux[0].i_axi_demux/gen_demux.i_aw_spill_reg/gen_spill_reg.a_data_q_reg[aw_chan][atop][5]'
INFO: [Synth 8-3886] merging instance 'axi_intercon/axi_xbar/gen_slv_port_demux[0].i_axi_demux/gen_demux.i_aw_spill_reg/gen_spill_reg.a_data_q_reg[aw_chan][qos][2]' (FDCE) to 'axi_intercon/axi_xbar/gen_slv_port_demux[0].i_axi_demux/gen_demux.i_aw_spill_reg/gen_spill_reg.a_data_q_reg[aw_chan][atop][5]'
INFO: [Synth 8-3886] merging instance 'axi_intercon/axi_xbar/gen_slv_port_demux[0].i_axi_demux/gen_demux.i_aw_spill_reg/gen_spill_reg.a_data_q_reg[aw_chan][qos][3]' (FDCE) to 'axi_intercon/axi_xbar/gen_slv_port_demux[0].i_axi_demux/gen_demux.i_aw_spill_reg/gen_spill_reg.a_data_q_reg[aw_chan][atop][5]'
INFO: [Synth 8-3886] merging instance 'axi_intercon/axi_xbar/gen_slv_port_demux[0].i_axi_demux/gen_demux.i_aw_spill_reg/gen_spill_reg.a_data_q_reg[aw_chan][region][0]' (FDCE) to 'axi_intercon/axi_xbar/gen_slv_port_demux[0].i_axi_demux/gen_demux.i_aw_spill_reg/gen_spill_reg.a_data_q_reg[aw_chan][atop][5]'
INFO: [Synth 8-3886] merging instance 'axi_intercon/axi_xbar/gen_slv_port_demux[0].i_axi_demux/gen_demux.i_aw_spill_reg/gen_spill_reg.a_data_q_reg[aw_chan][region][1]' (FDCE) to 'axi_intercon/axi_xbar/gen_slv_port_demux[0].i_axi_demux/gen_demux.i_aw_spill_reg/gen_spill_reg.a_data_q_reg[aw_chan][atop][5]'
INFO: [Synth 8-3886] merging instance 'axi_intercon/axi_xbar/gen_slv_port_demux[0].i_axi_demux/gen_demux.i_aw_spill_reg/gen_spill_reg.a_data_q_reg[aw_chan][region][2]' (FDCE) to 'axi_intercon/axi_xbar/gen_slv_port_demux[0].i_axi_demux/gen_demux.i_aw_spill_reg/gen_spill_reg.a_data_q_reg[aw_chan][atop][5]'
INFO: [Synth 8-3886] merging instance 'axi_intercon/axi_xbar/gen_slv_port_demux[0].i_axi_demux/gen_demux.i_aw_spill_reg/gen_spill_reg.a_data_q_reg[aw_chan][region][3]' (FDCE) to 'axi_intercon/axi_xbar/gen_slv_port_demux[0].i_axi_demux/gen_demux.i_aw_spill_reg/gen_spill_reg.a_data_q_reg[aw_chan][atop][5]'
INFO: [Synth 8-3886] merging instance 'axi_intercon/axi_xbar/gen_slv_port_demux[0].i_axi_demux/gen_demux.i_aw_spill_reg/gen_spill_reg.a_data_q_reg[aw_chan][prot][0]' (FDCE) to 'axi_intercon/axi_xbar/gen_slv_port_demux[0].i_axi_demux/gen_demux.i_aw_spill_reg/gen_spill_reg.a_data_q_reg[aw_chan][atop][5]'
INFO: [Synth 8-3886] merging instance 'axi_intercon/axi_xbar/gen_slv_port_demux[0].i_axi_demux/gen_demux.i_aw_spill_reg/gen_spill_reg.a_data_q_reg[aw_chan][prot][1]' (FDCE) to 'axi_intercon/axi_xbar/gen_slv_port_demux[0].i_axi_demux/gen_demux.i_aw_spill_reg/gen_spill_reg.a_data_q_reg[aw_chan][atop][5]'
INFO: [Synth 8-3886] merging instance 'axi_intercon/axi_xbar/gen_slv_port_demux[0].i_axi_demux/gen_demux.i_aw_spill_reg/gen_spill_reg.a_data_q_reg[aw_chan][prot][2]' (FDCE) to 'axi_intercon/axi_xbar/gen_slv_port_demux[0].i_axi_demux/gen_demux.i_aw_spill_reg/gen_spill_reg.a_data_q_reg[aw_chan][atop][5]'
INFO: [Synth 8-3886] merging instance 'axi_intercon/axi_xbar/gen_slv_port_demux[0].i_axi_demux/gen_demux.i_aw_spill_reg/gen_spill_reg.a_data_q_reg[aw_chan][cache][0]' (FDCE) to 'axi_intercon/axi_xbar/gen_slv_port_demux[0].i_axi_demux/gen_demux.i_aw_spill_reg/gen_spill_reg.a_data_q_reg[aw_chan][atop][5]'
INFO: [Synth 8-3886] merging instance 'axi_intercon/axi_xbar/gen_slv_port_demux[0].i_axi_demux/gen_demux.i_aw_spill_reg/gen_spill_reg.a_data_q_reg[aw_chan][cache][1]' (FDCE) to 'axi_intercon/axi_xbar/gen_slv_port_demux[0].i_axi_demux/gen_demux.i_aw_spill_reg/gen_spill_reg.a_data_q_reg[aw_chan][atop][5]'
INFO: [Synth 8-3886] merging instance 'axi_intercon/axi_xbar/gen_slv_port_demux[0].i_axi_demux/gen_demux.i_aw_spill_reg/gen_spill_reg.a_data_q_reg[aw_chan][cache][2]' (FDCE) to 'axi_intercon/axi_xbar/gen_slv_port_demux[0].i_axi_demux/gen_demux.i_aw_spill_reg/gen_spill_reg.a_data_q_reg[aw_chan][atop][5]'
INFO: [Synth 8-3886] merging instance 'axi_intercon/axi_xbar/gen_slv_port_demux[0].i_axi_demux/gen_demux.i_aw_spill_reg/gen_spill_reg.a_data_q_reg[aw_chan][cache][3]' (FDCE) to 'axi_intercon/axi_xbar/gen_slv_port_demux[0].i_axi_demux/gen_demux.i_aw_spill_reg/gen_spill_reg.a_data_q_reg[aw_chan][atop][5]'
INFO: [Synth 8-3886] merging instance 'axi_intercon/axi_xbar/gen_slv_port_demux[0].i_axi_demux/gen_demux.i_aw_spill_reg/gen_spill_reg.a_data_q_reg[aw_chan][lock]' (FDCE) to 'axi_intercon/axi_xbar/gen_slv_port_demux[0].i_axi_demux/gen_demux.i_aw_spill_reg/gen_spill_reg.a_data_q_reg[aw_chan][atop][5]'
INFO: [Synth 8-3886] merging instance 'axi_intercon/axi_xbar/gen_slv_port_demux[0].i_axi_demux/gen_demux.i_aw_spill_reg/gen_spill_reg.a_data_q_reg[aw_chan][burst][0]' (FDCE) to 'axi_intercon/axi_xbar/gen_slv_port_demux[0].i_axi_demux/gen_demux.i_aw_spill_reg/gen_spill_reg.a_data_q_reg[aw_chan][atop][5]'
INFO: [Synth 8-3886] merging instance 'axi_intercon/axi_xbar/gen_slv_port_demux[0].i_axi_demux/gen_demux.i_aw_spill_reg/gen_spill_reg.a_data_q_reg[aw_chan][burst][1]' (FDCE) to 'axi_intercon/axi_xbar/gen_slv_port_demux[0].i_axi_demux/gen_demux.i_aw_spill_reg/gen_spill_reg.a_data_q_reg[aw_chan][atop][5]'
INFO: [Synth 8-3886] merging instance 'axi_intercon/axi_xbar/gen_slv_port_demux[0].i_axi_demux/gen_demux.i_aw_spill_reg/gen_spill_reg.a_data_q_reg[aw_chan][size][0]' (FDCE) to 'axi_intercon/axi_xbar/gen_slv_port_demux[0].i_axi_demux/gen_demux.i_aw_spill_reg/gen_spill_reg.a_data_q_reg[aw_chan][atop][5]'
INFO: [Synth 8-3886] merging instance 'axi_intercon/axi_xbar/gen_slv_port_demux[0].i_axi_demux/gen_demux.i_aw_spill_reg/gen_spill_reg.a_data_q_reg[aw_chan][size][1]' (FDCE) to 'axi_intercon/axi_xbar/gen_slv_port_demux[0].i_axi_demux/gen_demux.i_aw_spill_reg/gen_spill_reg.a_data_q_reg[aw_chan][atop][5]'
INFO: [Synth 8-3886] merging instance 'axi_intercon/axi_xbar/gen_slv_port_demux[0].i_axi_demux/gen_demux.i_aw_spill_reg/gen_spill_reg.a_data_q_reg[aw_chan][size][2]' (FDCE) to 'axi_intercon/axi_xbar/gen_slv_port_demux[0].i_axi_demux/gen_demux.i_aw_spill_reg/gen_spill_reg.a_data_q_reg[aw_chan][atop][5]'
INFO: [Synth 8-3886] merging instance 'axi_intercon/axi_xbar/gen_slv_port_demux[0].i_axi_demux/gen_demux.i_aw_spill_reg/gen_spill_reg.a_data_q_reg[aw_chan][len][0]' (FDCE) to 'axi_intercon/axi_xbar/gen_slv_port_demux[0].i_axi_demux/gen_demux.i_aw_spill_reg/gen_spill_reg.a_data_q_reg[aw_chan][atop][5]'
INFO: [Synth 8-3886] merging instance 'axi_intercon/axi_xbar/gen_slv_port_demux[0].i_axi_demux/gen_demux.i_aw_spill_reg/gen_spill_reg.a_data_q_reg[aw_chan][len][1]' (FDCE) to 'axi_intercon/axi_xbar/gen_slv_port_demux[0].i_axi_demux/gen_demux.i_aw_spill_reg/gen_spill_reg.a_data_q_reg[aw_chan][atop][5]'
INFO: [Synth 8-3886] merging instance 'axi_intercon/axi_xbar/gen_slv_port_demux[0].i_axi_demux/gen_demux.i_aw_spill_reg/gen_spill_reg.a_data_q_reg[aw_chan][len][2]' (FDCE) to 'axi_intercon/axi_xbar/gen_slv_port_demux[0].i_axi_demux/gen_demux.i_aw_spill_reg/gen_spill_reg.a_data_q_reg[aw_chan][atop][5]'
INFO: [Synth 8-3886] merging instance 'axi_intercon/axi_xbar/gen_slv_port_demux[0].i_axi_demux/gen_demux.i_aw_spill_reg/gen_spill_reg.a_data_q_reg[aw_chan][len][3]' (FDCE) to 'axi_intercon/axi_xbar/gen_slv_port_demux[0].i_axi_demux/gen_demux.i_aw_spill_reg/gen_spill_reg.a_data_q_reg[aw_chan][atop][5]'
INFO: [Synth 8-3886] merging instance 'axi_intercon/axi_xbar/gen_slv_port_demux[0].i_axi_demux/gen_demux.i_aw_spill_reg/gen_spill_reg.a_data_q_reg[aw_chan][len][4]' (FDCE) to 'axi_intercon/axi_xbar/gen_slv_port_demux[0].i_axi_demux/gen_demux.i_aw_spill_reg/gen_spill_reg.a_data_q_reg[aw_chan][atop][5]'
INFO: [Synth 8-3886] merging instance 'axi_intercon/axi_xbar/gen_slv_port_demux[0].i_axi_demux/gen_demux.i_aw_spill_reg/gen_spill_reg.a_data_q_reg[aw_chan][len][5]' (FDCE) to 'axi_intercon/axi_xbar/gen_slv_port_demux[0].i_axi_demux/gen_demux.i_aw_spill_reg/gen_spill_reg.a_data_q_reg[aw_chan][atop][5]'
INFO: [Synth 8-3886] merging instance 'axi_intercon/axi_xbar/gen_slv_port_demux[0].i_axi_demux/gen_demux.i_aw_spill_reg/gen_spill_reg.a_data_q_reg[aw_chan][len][6]' (FDCE) to 'axi_intercon/axi_xbar/gen_slv_port_demux[0].i_axi_demux/gen_demux.i_aw_spill_reg/gen_spill_reg.a_data_q_reg[aw_chan][atop][5]'
INFO: [Synth 8-3886] merging instance 'axi_intercon/axi_xbar/gen_slv_port_demux[0].i_axi_demux/gen_demux.i_aw_spill_reg/gen_spill_reg.a_data_q_reg[aw_chan][len][7]' (FDCE) to 'axi_intercon/axi_xbar/gen_slv_port_demux[0].i_axi_demux/gen_demux.i_aw_spill_reg/gen_spill_reg.a_data_q_reg[aw_chan][atop][5]'
INFO: [Synth 8-3886] merging instance 'axi_intercon/axi_xbar/gen_slv_port_demux[0].i_axi_demux/gen_demux.i_aw_spill_reg/gen_spill_reg.a_data_q_reg[aw_chan][addr][0]' (FDCE) to 'axi_intercon/axi_xbar/gen_slv_port_demux[0].i_axi_demux/gen_demux.i_aw_spill_reg/gen_spill_reg.a_data_q_reg[aw_chan][atop][5]'
INFO: [Synth 8-3886] merging instance 'axi_intercon/axi_xbar/gen_slv_port_demux[0].i_axi_demux/gen_demux.i_aw_spill_reg/gen_spill_reg.a_data_q_reg[aw_chan][addr][1]' (FDCE) to 'axi_intercon/axi_xbar/gen_slv_port_demux[0].i_axi_demux/gen_demux.i_aw_spill_reg/gen_spill_reg.a_data_q_reg[aw_chan][atop][5]'
INFO: [Synth 8-3886] merging instance 'axi_intercon/axi_xbar/gen_slv_port_demux[0].i_axi_demux/gen_demux.i_aw_spill_reg/gen_spill_reg.a_data_q_reg[aw_chan][addr][2]' (FDCE) to 'axi_intercon/axi_xbar/gen_slv_port_demux[0].i_axi_demux/gen_demux.i_aw_spill_reg/gen_spill_reg.a_data_q_reg[aw_chan][atop][5]'
INFO: [Synth 8-3886] merging instance 'axi_intercon/axi_xbar/gen_slv_port_demux[0].i_axi_demux/gen_demux.i_aw_spill_reg/gen_spill_reg.a_data_q_reg[aw_chan][addr][3]' (FDCE) to 'axi_intercon/axi_xbar/gen_slv_port_demux[0].i_axi_demux/gen_demux.i_aw_spill_reg/gen_spill_reg.a_data_q_reg[aw_chan][atop][5]'
INFO: [Synth 8-3886] merging instance 'axi_intercon/axi_xbar/gen_slv_port_demux[0].i_axi_demux/gen_demux.i_aw_spill_reg/gen_spill_reg.a_data_q_reg[aw_chan][addr][4]' (FDCE) to 'axi_intercon/axi_xbar/gen_slv_port_demux[0].i_axi_demux/gen_demux.i_aw_spill_reg/gen_spill_reg.a_data_q_reg[aw_chan][atop][5]'
INFO: [Synth 8-3886] merging instance 'axi_intercon/axi_xbar/gen_slv_port_demux[0].i_axi_demux/gen_demux.i_aw_spill_reg/gen_spill_reg.a_data_q_reg[aw_chan][addr][5]' (FDCE) to 'axi_intercon/axi_xbar/gen_slv_port_demux[0].i_axi_demux/gen_demux.i_aw_spill_reg/gen_spill_reg.a_data_q_reg[aw_chan][atop][5]'
INFO: [Synth 8-3886] merging instance 'axi_intercon/axi_xbar/gen_slv_port_demux[0].i_axi_demux/gen_demux.i_aw_spill_reg/gen_spill_reg.a_data_q_reg[aw_chan][addr][6]' (FDCE) to 'axi_intercon/axi_xbar/gen_slv_port_demux[0].i_axi_demux/gen_demux.i_aw_spill_reg/gen_spill_reg.a_data_q_reg[aw_chan][atop][5]'
INFO: [Synth 8-3886] merging instance 'axi_intercon/axi_xbar/gen_slv_port_demux[0].i_axi_demux/gen_demux.i_aw_spill_reg/gen_spill_reg.a_data_q_reg[aw_chan][addr][7]' (FDCE) to 'axi_intercon/axi_xbar/gen_slv_port_demux[0].i_axi_demux/gen_demux.i_aw_spill_reg/gen_spill_reg.a_data_q_reg[aw_chan][atop][5]'
INFO: [Synth 8-3886] merging instance 'axi_intercon/axi_xbar/gen_slv_port_demux[0].i_axi_demux/gen_demux.i_aw_spill_reg/gen_spill_reg.a_data_q_reg[aw_chan][addr][8]' (FDCE) to 'axi_intercon/axi_xbar/gen_slv_port_demux[0].i_axi_demux/gen_demux.i_aw_spill_reg/gen_spill_reg.a_data_q_reg[aw_chan][atop][5]'
INFO: [Synth 8-3886] merging instance 'axi_intercon/axi_xbar/gen_slv_port_demux[0].i_axi_demux/gen_demux.i_aw_spill_reg/gen_spill_reg.a_data_q_reg[aw_chan][addr][9]' (FDCE) to 'axi_intercon/axi_xbar/gen_slv_port_demux[0].i_axi_demux/gen_demux.i_aw_spill_reg/gen_spill_reg.a_data_q_reg[aw_chan][atop][5]'
INFO: [Synth 8-3886] merging instance 'axi_intercon/axi_xbar/gen_slv_port_demux[0].i_axi_demux/gen_demux.i_aw_spill_reg/gen_spill_reg.a_data_q_reg[aw_chan][addr][10]' (FDCE) to 'axi_intercon/axi_xbar/gen_slv_port_demux[0].i_axi_demux/gen_demux.i_aw_spill_reg/gen_spill_reg.a_data_q_reg[aw_chan][atop][5]'
INFO: [Synth 8-3886] merging instance 'axi_intercon/axi_xbar/gen_slv_port_demux[0].i_axi_demux/gen_demux.i_aw_spill_reg/gen_spill_reg.a_data_q_reg[aw_chan][addr][11]' (FDCE) to 'axi_intercon/axi_xbar/gen_slv_port_demux[0].i_axi_demux/gen_demux.i_aw_spill_reg/gen_spill_reg.a_data_q_reg[aw_chan][atop][5]'
INFO: [Synth 8-3886] merging instance 'axi_intercon/axi_xbar/gen_slv_port_demux[0].i_axi_demux/gen_demux.i_aw_spill_reg/gen_spill_reg.a_data_q_reg[aw_chan][addr][12]' (FDCE) to 'axi_intercon/axi_xbar/gen_slv_port_demux[0].i_axi_demux/gen_demux.i_aw_spill_reg/gen_spill_reg.a_data_q_reg[aw_chan][atop][5]'
INFO: [Synth 8-3886] merging instance 'axi_intercon/axi_xbar/gen_slv_port_demux[0].i_axi_demux/gen_demux.i_aw_spill_reg/gen_spill_reg.a_data_q_reg[aw_chan][addr][13]' (FDCE) to 'axi_intercon/axi_xbar/gen_slv_port_demux[0].i_axi_demux/gen_demux.i_aw_spill_reg/gen_spill_reg.a_data_q_reg[aw_chan][atop][5]'
INFO: [Synth 8-3886] merging instance 'axi_intercon/axi_xbar/gen_slv_port_demux[0].i_axi_demux/gen_demux.i_aw_spill_reg/gen_spill_reg.a_data_q_reg[aw_chan][addr][14]' (FDCE) to 'axi_intercon/axi_xbar/gen_slv_port_demux[0].i_axi_demux/gen_demux.i_aw_spill_reg/gen_spill_reg.a_data_q_reg[aw_chan][atop][5]'
INFO: [Synth 8-3886] merging instance 'axi_intercon/axi_xbar/gen_slv_port_demux[0].i_axi_demux/gen_demux.i_aw_spill_reg/gen_spill_reg.a_data_q_reg[aw_chan][addr][15]' (FDCE) to 'axi_intercon/axi_xbar/gen_slv_port_demux[0].i_axi_demux/gen_demux.i_aw_spill_reg/gen_spill_reg.a_data_q_reg[aw_chan][atop][5]'
INFO: [Synth 8-3886] merging instance 'axi_intercon/axi_xbar/gen_slv_port_demux[0].i_axi_demux/gen_demux.i_aw_spill_reg/gen_spill_reg.a_data_q_reg[aw_chan][addr][16]' (FDCE) to 'axi_intercon/axi_xbar/gen_slv_port_demux[0].i_axi_demux/gen_demux.i_aw_spill_reg/gen_spill_reg.a_data_q_reg[aw_chan][atop][5]'
INFO: [Synth 8-3886] merging instance 'axi_intercon/axi_xbar/gen_slv_port_demux[0].i_axi_demux/gen_demux.i_aw_spill_reg/gen_spill_reg.a_data_q_reg[aw_chan][addr][17]' (FDCE) to 'axi_intercon/axi_xbar/gen_slv_port_demux[0].i_axi_demux/gen_demux.i_aw_spill_reg/gen_spill_reg.a_data_q_reg[aw_chan][atop][5]'
INFO: [Synth 8-3886] merging instance 'axi_intercon/axi_xbar/gen_slv_port_demux[0].i_axi_demux/gen_demux.i_aw_spill_reg/gen_spill_reg.a_data_q_reg[aw_chan][addr][18]' (FDCE) to 'axi_intercon/axi_xbar/gen_slv_port_demux[0].i_axi_demux/gen_demux.i_aw_spill_reg/gen_spill_reg.a_data_q_reg[aw_chan][atop][5]'
INFO: [Synth 8-3886] merging instance 'axi_intercon/axi_xbar/gen_slv_port_demux[0].i_axi_demux/gen_demux.i_aw_spill_reg/gen_spill_reg.a_data_q_reg[aw_chan][addr][19]' (FDCE) to 'axi_intercon/axi_xbar/gen_slv_port_demux[0].i_axi_demux/gen_demux.i_aw_spill_reg/gen_spill_reg.a_data_q_reg[aw_chan][atop][5]'
INFO: [Synth 8-3886] merging instance 'axi_intercon/axi_xbar/gen_slv_port_demux[0].i_axi_demux/gen_demux.i_aw_spill_reg/gen_spill_reg.a_data_q_reg[aw_chan][addr][20]' (FDCE) to 'axi_intercon/axi_xbar/gen_slv_port_demux[0].i_axi_demux/gen_demux.i_aw_spill_reg/gen_spill_reg.a_data_q_reg[aw_chan][atop][5]'
INFO: [Synth 8-3886] merging instance 'axi_intercon/axi_xbar/gen_slv_port_demux[0].i_axi_demux/gen_demux.i_aw_spill_reg/gen_spill_reg.a_data_q_reg[aw_chan][addr][21]' (FDCE) to 'axi_intercon/axi_xbar/gen_slv_port_demux[0].i_axi_demux/gen_demux.i_aw_spill_reg/gen_spill_reg.a_data_q_reg[aw_chan][atop][5]'
INFO: [Synth 8-3886] merging instance 'axi_intercon/axi_xbar/gen_slv_port_demux[0].i_axi_demux/gen_demux.i_aw_spill_reg/gen_spill_reg.a_data_q_reg[aw_chan][addr][22]' (FDCE) to 'axi_intercon/axi_xbar/gen_slv_port_demux[0].i_axi_demux/gen_demux.i_aw_spill_reg/gen_spill_reg.a_data_q_reg[aw_chan][atop][5]'
INFO: [Synth 8-3886] merging instance 'axi_intercon/axi_xbar/gen_slv_port_demux[0].i_axi_demux/gen_demux.i_aw_spill_reg/gen_spill_reg.a_data_q_reg[aw_chan][addr][23]' (FDCE) to 'axi_intercon/axi_xbar/gen_slv_port_demux[0].i_axi_demux/gen_demux.i_aw_spill_reg/gen_spill_reg.a_data_q_reg[aw_chan][atop][5]'
INFO: [Synth 8-3886] merging instance 'axi_intercon/axi_xbar/gen_slv_port_demux[0].i_axi_demux/gen_demux.i_aw_spill_reg/gen_spill_reg.a_data_q_reg[aw_chan][addr][24]' (FDCE) to 'axi_intercon/axi_xbar/gen_slv_port_demux[0].i_axi_demux/gen_demux.i_aw_spill_reg/gen_spill_reg.a_data_q_reg[aw_chan][atop][5]'
INFO: [Synth 8-3886] merging instance 'axi_intercon/axi_xbar/gen_slv_port_demux[0].i_axi_demux/gen_demux.i_aw_spill_reg/gen_spill_reg.a_data_q_reg[aw_chan][addr][25]' (FDCE) to 'axi_intercon/axi_xbar/gen_slv_port_demux[0].i_axi_demux/gen_demux.i_aw_spill_reg/gen_spill_reg.a_data_q_reg[aw_chan][atop][5]'
INFO: [Synth 8-3886] merging instance 'axi_intercon/axi_xbar/gen_slv_port_demux[0].i_axi_demux/gen_demux.i_aw_spill_reg/gen_spill_reg.a_data_q_reg[aw_chan][addr][26]' (FDCE) to 'axi_intercon/axi_xbar/gen_slv_port_demux[0].i_axi_demux/gen_demux.i_aw_spill_reg/gen_spill_reg.a_data_q_reg[aw_chan][atop][5]'
INFO: [Synth 8-3886] merging instance 'axi_intercon/axi_xbar/gen_slv_port_demux[0].i_axi_demux/gen_demux.i_aw_spill_reg/gen_spill_reg.a_data_q_reg[aw_chan][addr][27]' (FDCE) to 'axi_intercon/axi_xbar/gen_slv_port_demux[0].i_axi_demux/gen_demux.i_aw_spill_reg/gen_spill_reg.a_data_q_reg[aw_chan][atop][5]'
INFO: [Synth 8-3886] merging instance 'axi_intercon/axi_xbar/gen_slv_port_demux[0].i_axi_demux/gen_demux.i_aw_spill_reg/gen_spill_reg.a_data_q_reg[aw_chan][addr][28]' (FDCE) to 'axi_intercon/axi_xbar/gen_slv_port_demux[0].i_axi_demux/gen_demux.i_aw_spill_reg/gen_spill_reg.a_data_q_reg[aw_chan][atop][5]'
INFO: [Synth 8-3886] merging instance 'axi_intercon/axi_xbar/gen_slv_port_demux[0].i_axi_demux/gen_demux.i_aw_spill_reg/gen_spill_reg.a_data_q_reg[aw_chan][addr][29]' (FDCE) to 'axi_intercon/axi_xbar/gen_slv_port_demux[0].i_axi_demux/gen_demux.i_aw_spill_reg/gen_spill_reg.a_data_q_reg[aw_chan][atop][5]'
INFO: [Synth 8-3886] merging instance 'axi_intercon/axi_xbar/gen_slv_port_demux[0].i_axi_demux/gen_demux.i_aw_spill_reg/gen_spill_reg.a_data_q_reg[aw_chan][addr][30]' (FDCE) to 'axi_intercon/axi_xbar/gen_slv_port_demux[0].i_axi_demux/gen_demux.i_aw_spill_reg/gen_spill_reg.a_data_q_reg[aw_chan][atop][5]'
INFO: [Synth 8-3886] merging instance 'axi_intercon/axi_xbar/gen_slv_port_demux[0].i_axi_demux/gen_demux.i_aw_spill_reg/gen_spill_reg.a_data_q_reg[aw_chan][addr][31]' (FDCE) to 'axi_intercon/axi_xbar/gen_slv_port_demux[0].i_axi_demux/gen_demux.i_aw_spill_reg/gen_spill_reg.a_data_q_reg[aw_chan][atop][5]'
INFO: [Synth 8-3886] merging instance 'axi_intercon/axi_xbar/gen_slv_port_demux[0].i_axi_demux/gen_demux.i_aw_spill_reg/gen_spill_reg.a_data_q_reg[aw_chan][id][0]' (FDCE) to 'axi_intercon/axi_xbar/gen_slv_port_demux[0].i_axi_demux/gen_demux.i_aw_spill_reg/gen_spill_reg.a_data_q_reg[aw_chan][atop][5]'
INFO: [Synth 8-3886] merging instance 'axi_intercon/axi_xbar/gen_slv_port_demux[0].i_axi_demux/gen_demux.i_aw_spill_reg/gen_spill_reg.a_data_q_reg[aw_chan][id][1]' (FDCE) to 'axi_intercon/axi_xbar/gen_slv_port_demux[0].i_axi_demux/gen_demux.i_aw_spill_reg/gen_spill_reg.a_data_q_reg[aw_chan][atop][5]'
INFO: [Synth 8-3886] merging instance 'axi_intercon/axi_xbar/gen_slv_port_demux[0].i_axi_demux/gen_demux.i_aw_spill_reg/gen_spill_reg.a_data_q_reg[aw_chan][id][2]' (FDCE) to 'axi_intercon/axi_xbar/gen_slv_port_demux[0].i_axi_demux/gen_demux.i_aw_spill_reg/gen_spill_reg.a_data_q_reg[aw_chan][atop][5]'
INFO: [Synth 8-3886] merging instance 'axi_intercon/axi_xbar/gen_slv_port_demux[0].i_axi_demux/gen_demux.i_aw_spill_reg/gen_spill_reg.a_data_q_reg[aw_chan][id][3]' (FDCE) to 'axi_intercon/axi_xbar/gen_slv_port_demux[0].i_axi_demux/gen_demux.i_aw_spill_reg/gen_spill_reg.a_data_q_reg[aw_chan][atop][5]'
INFO: [Synth 8-3333] propagating constant 0 across sequential element (\axi_intercon/axi_xbar /\gen_slv_port_demux[0].i_axi_demux /\gen_demux.i_aw_spill_reg/gen_spill_reg.a_full_q_reg )
INFO: [Synth 8-3333] propagating constant 0 across sequential element (\axi_intercon/axi_xbar /\gen_slv_port_demux[0].i_axi_demux /\gen_demux.i_aw_spill_reg/gen_spill_reg.a_data_q_reg[aw_select][1] )
INFO: [Synth 8-3333] propagating constant 0 across sequential element (\axi_intercon/axi_xbar /\gen_slv_port_demux[0].i_axi_demux /\gen_demux.i_aw_spill_reg/gen_spill_reg.a_data_q_reg[aw_select][0] )
INFO: [Synth 8-3886] merging instance 'axi_intercon/axi_xbar/gen_slv_port_demux[0].i_axi_demux/gen_demux.i_aw_spill_reg/gen_spill_reg.a_data_q_reg[aw_chan][atop][4]' (FDCE) to 'axi_intercon/axi_xbar/gen_slv_port_demux[0].i_axi_demux/gen_demux.i_aw_spill_reg/gen_spill_reg.a_data_q_reg[aw_chan][atop][5]'
INFO: [Synth 8-3886] merging instance 'axi_intercon/axi_xbar/gen_slv_port_demux[0].i_axi_demux/gen_demux.i_aw_spill_reg/gen_spill_reg.b_data_q_reg[aw_chan][atop][5]' (FDCE) to 'axi_intercon/axi_xbar/gen_slv_port_demux[0].i_axi_demux/gen_demux.i_aw_spill_reg/gen_spill_reg.b_data_q_reg[aw_chan][atop][4]'
INFO: [Synth 8-3333] propagating constant 0 across sequential element (\axi_intercon/axi_xbar /\gen_slv_port_demux[0].i_axi_demux /\gen_demux.i_aw_spill_reg/gen_spill_reg.a_data_q_reg[aw_chan][atop][5] )
INFO: [Synth 8-3886] merging instance 'axi_intercon/axi_xbar/gen_slv_port_demux[2].i_axi_demux/gen_demux.i_ar_spill_reg/gen_spill_reg.a_data_q_reg[ar_chan][id][1]' (FDCE) to 'axi_intercon/axi_xbar/gen_slv_port_demux[2].i_axi_demux/gen_demux.i_ar_spill_reg/gen_spill_reg.a_data_q_reg[ar_chan][id][2]'
INFO: [Synth 8-3886] merging instance 'axi_intercon/axi_xbar/gen_slv_port_demux[2].i_axi_demux/gen_demux.i_ar_spill_reg/gen_spill_reg.b_data_q_reg[ar_chan][id][2]' (FDCE) to 'axi_intercon/axi_xbar/gen_slv_port_demux[2].i_axi_demux/gen_demux.i_ar_spill_reg/gen_spill_reg.b_data_q_reg[ar_chan][id][1]'
INFO: [Synth 8-3886] merging instance 'axi_intercon/axi_xbar/gen_slv_port_demux[2].i_axi_demux/gen_demux.i_ar_spill_reg/gen_spill_reg.a_data_q_reg[ar_chan][id][2]' (FDCE) to 'axi_intercon/axi_xbar/gen_slv_port_demux[2].i_axi_demux/gen_demux.i_ar_spill_reg/gen_spill_reg.a_data_q_reg[ar_chan][id][3]'
INFO: [Synth 8-3886] merging instance 'axi_intercon/axi_xbar/gen_slv_port_demux[2].i_axi_demux/gen_demux.i_ar_spill_reg/gen_spill_reg.b_data_q_reg[ar_chan][id][3]' (FDCE) to 'axi_intercon/axi_xbar/gen_slv_port_demux[2].i_axi_demux/gen_demux.i_ar_spill_reg/gen_spill_reg.b_data_q_reg[ar_chan][id][1]'
INFO: [Synth 8-3333] propagating constant 0 across sequential element (\axi_intercon/axi_xbar /\gen_slv_port_demux[2].i_axi_demux /\gen_demux.i_ar_spill_reg/gen_spill_reg.a_data_q_reg[ar_chan][id][3] )
INFO: [Synth 8-3333] propagating constant 0 across sequential element (\axi_intercon/axi_xbar /\gen_slv_port_demux[0].i_axi_demux /\gen_demux.i_ar_spill_reg/gen_spill_reg.a_data_q_reg[ar_chan][id][3] )
INFO: [Synth 8-3333] propagating constant 0 across sequential element (\axi_intercon/axi_xbar /\gen_slv_port_demux[0].i_axi_err_slv /\i_b_fifo/status_cnt_q_reg[1] )
INFO: [Synth 8-3333] propagating constant 0 across sequential element (\axi_intercon/axi_xbar /\gen_slv_port_demux[0].i_axi_err_slv /\i_b_fifo/status_cnt_q_reg[0] )
INFO: [Synth 8-3333] propagating constant 0 across sequential element (\axi_intercon/axi_xbar /\gen_slv_port_demux[0].i_axi_demux /\gen_demux.i_b_mux/gen_int_rr.rr_q_reg[1] )
INFO: [Synth 8-3333] propagating constant 0 across sequential element (\axi_intercon/axi_xbar /\gen_slv_port_demux[0].i_axi_demux /\gen_demux.i_b_mux/gen_int_rr.rr_q_reg[0] )
INFO: [Synth 8-3333] propagating constant 0 across sequential element (\axi_intercon/axi_xbar /\gen_slv_port_demux[0].i_axi_demux /\gen_demux.i_w_fifo/read_pointer_q_reg[1] )
INFO: [Synth 8-3333] propagating constant 0 across sequential element (\axi_intercon/axi_xbar /\gen_slv_port_demux[0].i_axi_demux /\gen_demux.i_w_fifo/read_pointer_q_reg[0] )
INFO: [Synth 8-3333] propagating constant 0 across sequential element (\axi_intercon/axi_xbar /\gen_slv_port_demux[0].i_axi_demux /\gen_demux.i_w_fifo/read_pointer_q_reg[2] )
INFO: [Synth 8-3333] propagating constant 0 across sequential element (\axi_intercon/axi_xbar /\gen_slv_port_demux[0].i_axi_demux /\gen_demux.i_w_fifo/read_pointer_q_reg[3] )
INFO: [Synth 8-3886] merging instance 'axi_intercon/axi_xbar/gen_slv_port_demux[2].i_axi_demux/gen_demux.i_aw_spill_reg/gen_spill_reg.a_data_q_reg[aw_chan][id][1]' (FDCE) to 'axi_intercon/axi_xbar/gen_slv_port_demux[2].i_axi_demux/gen_demux.i_aw_spill_reg/gen_spill_reg.a_data_q_reg[aw_chan][atop][4]'
INFO: [Synth 8-3886] merging instance 'axi_intercon/axi_xbar/gen_slv_port_demux[2].i_axi_demux/gen_demux.i_aw_spill_reg/gen_spill_reg.a_data_q_reg[aw_chan][id][2]' (FDCE) to 'axi_intercon/axi_xbar/gen_slv_port_demux[2].i_axi_demux/gen_demux.i_aw_spill_reg/gen_spill_reg.a_data_q_reg[aw_chan][atop][4]'
INFO: [Synth 8-3886] merging instance 'axi_intercon/axi_xbar/gen_slv_port_demux[2].i_axi_demux/gen_demux.i_aw_spill_reg/gen_spill_reg.a_data_q_reg[aw_chan][id][3]' (FDCE) to 'axi_intercon/axi_xbar/gen_slv_port_demux[2].i_axi_demux/gen_demux.i_aw_spill_reg/gen_spill_reg.a_data_q_reg[aw_chan][atop][4]'
INFO: [Synth 8-3886] merging instance 'axi_intercon/axi_xbar/gen_slv_port_demux[2].i_axi_demux/gen_demux.i_aw_spill_reg/gen_spill_reg.b_data_q_reg[aw_chan][atop][4]' (FDCE) to 'axi_intercon/axi_xbar/gen_slv_port_demux[2].i_axi_demux/gen_demux.i_aw_spill_reg/gen_spill_reg.b_data_q_reg[aw_chan][id][1]'
INFO: [Synth 8-3886] merging instance 'axi_intercon/axi_xbar/gen_slv_port_demux[2].i_axi_demux/gen_demux.i_aw_spill_reg/gen_spill_reg.a_data_q_reg[aw_chan][atop][4]' (FDCE) to 'axi_intercon/axi_xbar/gen_slv_port_demux[2].i_axi_demux/gen_demux.i_aw_spill_reg/gen_spill_reg.a_data_q_reg[aw_chan][atop][5]'
INFO: [Synth 8-3886] merging instance 'axi_intercon/axi_xbar/gen_slv_port_demux[2].i_axi_demux/gen_demux.i_aw_spill_reg/gen_spill_reg.b_data_q_reg[aw_chan][atop][5]' (FDCE) to 'axi_intercon/axi_xbar/gen_slv_port_demux[2].i_axi_demux/gen_demux.i_aw_spill_reg/gen_spill_reg.b_data_q_reg[aw_chan][id][1]'
INFO: [Synth 8-3333] propagating constant 0 across sequential element (\axi_intercon/axi_xbar /\gen_slv_port_demux[2].i_axi_demux /\gen_demux.i_aw_spill_reg/gen_spill_reg.a_data_q_reg[aw_chan][atop][5] )
INFO: [Synth 8-3886] merging instance 'axi_intercon/axi_xbar/gen_slv_port_demux[1].i_axi_demux/gen_demux.i_aw_spill_reg/gen_spill_reg.a_data_q_reg[aw_chan][atop][4]' (FDCE) to 'axi_intercon/axi_xbar/gen_slv_port_demux[1].i_axi_demux/gen_demux.i_aw_spill_reg/gen_spill_reg.a_data_q_reg[aw_chan][atop][5]'
INFO: [Synth 8-3886] merging instance 'axi_intercon/axi_xbar/gen_slv_port_demux[1].i_axi_demux/gen_demux.i_aw_spill_reg/gen_spill_reg.b_data_q_reg[aw_chan][atop][5]' (FDCE) to 'axi_intercon/axi_xbar/gen_slv_port_demux[1].i_axi_demux/gen_demux.i_aw_spill_reg/gen_spill_reg.b_data_q_reg[aw_chan][atop][4]'
INFO: [Synth 8-3333] propagating constant 0 across sequential element (\axi_intercon/axi_xbar /\gen_slv_port_demux[1].i_axi_demux /\gen_demux.i_aw_spill_reg/gen_spill_reg.a_data_q_reg[aw_chan][atop][5] )
INFO: [Synth 8-3333] propagating constant 0 across sequential element (\axi_intercon/axi_xbar /\gen_slv_port_demux[0].i_axi_err_slv /\i_w_fifo/status_cnt_q_reg[2] )
INFO: [Synth 8-3333] propagating constant 0 across sequential element (\axi_intercon/axi_xbar /\gen_slv_port_demux[0].i_axi_err_slv /\i_w_fifo/status_cnt_q_reg[0] )
INFO: [Synth 8-3333] propagating constant 0 across sequential element (\axi_intercon/axi_xbar /\gen_slv_port_demux[0].i_axi_err_slv /\i_w_fifo/status_cnt_q_reg[1] )
INFO: [Synth 8-3333] propagating constant 0 across sequential element (\axi_intercon/axi_xbar /\gen_slv_port_demux[0].i_axi_err_slv /\i_atop_filter/w_cnt_q_reg[cnt][1] )
INFO: [Synth 8-3333] propagating constant 0 across sequential element (\axi_intercon/axi_xbar /\gen_slv_port_demux[0].i_axi_err_slv /\i_atop_filter/w_cnt_q_reg[cnt][2] )
INFO: [Synth 8-3333] propagating constant 0 across sequential element (\axi_intercon/axi_xbar /\gen_slv_port_demux[0].i_axi_err_slv /\i_atop_filter/w_cnt_q_reg[cnt][0] )
INFO: [Synth 8-3886] merging instance 'axi_intercon/axi_xbar/gen_slv_port_demux[2].i_axi_err_slv/i_w_fifo/mem_q_reg[3][3]' (FDCE) to 'axi_intercon/axi_xbar/gen_slv_port_demux[2].i_axi_err_slv/i_w_fifo/mem_q_reg[3][1]'
INFO: [Synth 8-3886] merging instance 'axi_intercon/axi_xbar/gen_slv_port_demux[2].i_axi_err_slv/i_w_fifo/mem_q_reg[2][3]' (FDCE) to 'axi_intercon/axi_xbar/gen_slv_port_demux[2].i_axi_err_slv/i_w_fifo/mem_q_reg[2][2]'
INFO: [Synth 8-3886] merging instance 'axi_intercon/axi_xbar/gen_slv_port_demux[2].i_axi_err_slv/i_w_fifo/mem_q_reg[1][3]' (FDCE) to 'axi_intercon/axi_xbar/gen_slv_port_demux[2].i_axi_err_slv/i_w_fifo/mem_q_reg[1][2]'
INFO: [Synth 8-3886] merging instance 'axi_intercon/axi_xbar/gen_slv_port_demux[2].i_axi_err_slv/i_w_fifo/mem_q_reg[0][3]' (FDCE) to 'axi_intercon/axi_xbar/gen_slv_port_demux[2].i_axi_err_slv/i_w_fifo/mem_q_reg[0][2]'
INFO: [Synth 8-3886] merging instance 'axi_intercon/axi_xbar/gen_slv_port_demux[2].i_axi_err_slv/i_w_fifo/mem_q_reg[3][2]' (FDCE) to 'axi_intercon/axi_xbar/gen_slv_port_demux[2].i_axi_err_slv/i_w_fifo/mem_q_reg[3][1]'
INFO: [Synth 8-3886] merging instance 'axi_intercon/axi_xbar/gen_slv_port_demux[2].i_axi_err_slv/i_w_fifo/mem_q_reg[2][2]' (FDCE) to 'axi_intercon/axi_xbar/gen_slv_port_demux[2].i_axi_err_slv/i_w_fifo/mem_q_reg[2][1]'
INFO: [Synth 8-3886] merging instance 'axi_intercon/axi_xbar/gen_slv_port_demux[2].i_axi_err_slv/i_w_fifo/mem_q_reg[1][2]' (FDCE) to 'axi_intercon/axi_xbar/gen_slv_port_demux[2].i_axi_err_slv/i_w_fifo/mem_q_reg[1][1]'
INFO: [Synth 8-3886] merging instance 'axi_intercon/axi_xbar/gen_slv_port_demux[2].i_axi_err_slv/i_w_fifo/mem_q_reg[0][2]' (FDCE) to 'axi_intercon/axi_xbar/gen_slv_port_demux[2].i_axi_err_slv/i_w_fifo/mem_q_reg[0][1]'
INFO: [Synth 8-3333] propagating constant 0 across sequential element (\axi_intercon/axi_xbar /\gen_slv_port_demux[2].i_axi_err_slv /\i_w_fifo/mem_q_reg[3][1] )
INFO: [Synth 8-3333] propagating constant 0 across sequential element (\axi_intercon/axi_xbar /\gen_slv_port_demux[2].i_axi_err_slv /\i_w_fifo/mem_q_reg[2][1] )
INFO: [Synth 8-3333] propagating constant 0 across sequential element (\axi_intercon/axi_xbar /\gen_slv_port_demux[2].i_axi_err_slv /\i_w_fifo/mem_q_reg[1][1] )
INFO: [Synth 8-3333] propagating constant 0 across sequential element (\axi_intercon/axi_xbar /\gen_slv_port_demux[2].i_axi_err_slv /\i_w_fifo/mem_q_reg[0][1] )
INFO: [Synth 8-3333] propagating constant 0 across sequential element (\axi_intercon/axi_xbar /\gen_slv_port_demux[0].i_axi_demux /\gen_demux.i_aw_id_counter/gen_counters[0].i_in_flight_cnt/counter_q_reg[4] )
INFO: [Synth 8-3333] propagating constant 0 across sequential element (\axi_intercon/axi_xbar /\gen_slv_port_demux[0].i_axi_demux /\gen_demux.i_aw_id_counter/gen_counters[0].i_in_flight_cnt/counter_q_reg[0] )
INFO: [Synth 8-3333] propagating constant 0 across sequential element (\axi_intercon/axi_xbar /\gen_slv_port_demux[0].i_axi_demux /\gen_demux.i_aw_id_counter/gen_counters[0].i_in_flight_cnt/counter_q_reg[1] )
INFO: [Synth 8-3333] propagating constant 0 across sequential element (\axi_intercon/axi_xbar /\gen_slv_port_demux[0].i_axi_demux /\gen_demux.i_aw_id_counter/gen_counters[0].i_in_flight_cnt/counter_q_reg[2] )
INFO: [Synth 8-3333] propagating constant 0 across sequential element (\axi_intercon/axi_xbar /\gen_slv_port_demux[0].i_axi_demux /\gen_demux.i_aw_id_counter/gen_counters[0].i_in_flight_cnt/counter_q_reg[3] )
INFO: [Synth 8-3886] merging instance 'axi_intercon/axi_xbar/gen_slv_port_demux[0].i_axi_err_slv/i_atop_filter/id_q_reg[2]' (FDCE) to 'axi_intercon/axi_xbar/gen_slv_port_demux[0].i_axi_err_slv/i_atop_filter/id_q_reg[3]'
INFO: [Synth 8-3886] merging instance 'axi_intercon/axi_xbar/gen_slv_port_demux[0].i_axi_err_slv/i_atop_filter/id_q_reg[1]' (FDCE) to 'axi_intercon/axi_xbar/gen_slv_port_demux[0].i_axi_err_slv/i_atop_filter/id_q_reg[3]'
INFO: [Common 17-14] Message 'Synth 8-3886' appears 100 times and further instances of the messages will be disabled. Use the Tcl command set_msg_config to change the current settings.
INFO: [Synth 8-3333] propagating constant 0 across sequential element (\axi_intercon/axi_xbar /\gen_slv_port_demux[0].i_axi_err_slv /\i_atop_filter/id_q_reg[3] )
INFO: [Synth 8-3333] propagating constant 0 across sequential element (\axi_intercon/axi_xbar /\gen_slv_port_demux[0].i_axi_err_slv /\i_r_fifo/mem_q_reg[3][id][3] )
INFO: [Synth 8-3333] propagating constant 0 across sequential element (\axi_intercon/axi_xbar /\gen_slv_port_demux[0].i_axi_err_slv /\i_r_fifo/mem_q_reg[2][id][3] )
INFO: [Synth 8-3333] propagating constant 0 across sequential element (\axi_intercon/axi_xbar /\gen_slv_port_demux[0].i_axi_err_slv /\i_r_fifo/mem_q_reg[1][id][3] )
INFO: [Synth 8-3333] propagating constant 0 across sequential element (\axi_intercon/axi_xbar /\gen_slv_port_demux[0].i_axi_err_slv /\i_r_fifo/mem_q_reg[0][id][3] )
INFO: [Synth 8-3333] propagating constant 0 across sequential element (\axi_intercon/axi_xbar /\gen_slv_port_demux[2].i_axi_err_slv /\i_atop_filter/r_resp_cmd/i_fifo/i_fifo_v3/mem_q_reg[0][len][7] )
INFO: [Synth 8-3333] propagating constant 0 across sequential element (\axi_intercon/axi_xbar /\gen_slv_port_demux[2].i_axi_err_slv /\i_atop_filter/r_resp_cmd/i_fifo/i_fifo_v3/mem_q_reg[0][len][6] )
INFO: [Synth 8-3333] propagating constant 0 across sequential element (\axi_intercon/axi_xbar /\gen_slv_port_demux[2].i_axi_err_slv /\i_atop_filter/r_resp_cmd/i_fifo/i_fifo_v3/mem_q_reg[0][len][4] )
INFO: [Synth 8-3333] propagating constant 0 across sequential element (\axi_intercon/axi_xbar /\gen_slv_port_demux[2].i_axi_err_slv /\i_atop_filter/r_resp_cmd/i_fifo/i_fifo_v3/mem_q_reg[0][len][5] )
INFO: [Synth 8-3333] propagating constant 0 across sequential element (\axi_intercon/axi_xbar /\gen_slv_port_demux[2].i_axi_err_slv /\i_atop_filter/r_resp_cmd/i_fifo/i_fifo_v3/mem_q_reg[0][len][0] )
INFO: [Synth 8-3333] propagating constant 0 across sequential element (\axi_intercon/axi_xbar /\gen_slv_port_demux[2].i_axi_err_slv /\i_atop_filter/r_resp_cmd/i_fifo/i_fifo_v3/mem_q_reg[0][len][1] )
INFO: [Synth 8-3333] propagating constant 0 across sequential element (\axi_intercon/axi_xbar /\gen_slv_port_demux[2].i_axi_err_slv /\i_atop_filter/r_resp_cmd/i_fifo/i_fifo_v3/mem_q_reg[0][len][2] )
INFO: [Synth 8-3333] propagating constant 0 across sequential element (\axi_intercon/axi_xbar /\gen_slv_port_demux[2].i_axi_err_slv /\i_atop_filter/r_resp_cmd/i_fifo/i_fifo_v3/mem_q_reg[0][len][3] )
INFO: [Synth 8-3333] propagating constant 0 across sequential element (\axi_intercon/axi_xbar /\gen_slv_port_demux[2].i_axi_err_slv /\i_atop_filter/id_q_reg[1] )
INFO: [Synth 8-3333] propagating constant 0 across sequential element (\axi_intercon/axi_xbar /\gen_slv_port_demux[2].i_axi_err_slv /\i_r_fifo/mem_q_reg[3][id][1] )
INFO: [Synth 8-3333] propagating constant 0 across sequential element (\axi_intercon/axi_xbar /\gen_slv_port_demux[2].i_axi_err_slv /\i_r_fifo/mem_q_reg[2][id][1] )
INFO: [Synth 8-3333] propagating constant 0 across sequential element (\axi_intercon/axi_xbar /\gen_slv_port_demux[2].i_axi_err_slv /\i_r_fifo/mem_q_reg[1][id][1] )
INFO: [Synth 8-3333] propagating constant 0 across sequential element (\axi_intercon/axi_xbar /\gen_slv_port_demux[2].i_axi_err_slv /\i_r_fifo/mem_q_reg[0][id][1] )
INFO: [Synth 8-3333] propagating constant 0 across sequential element (\axi_intercon/axi_xbar /\gen_slv_port_demux[1].i_axi_err_slv /\i_atop_filter/r_resp_cmd/i_fifo/i_fifo_v3/mem_q_reg[0][len][7] )
INFO: [Synth 8-3333] propagating constant 0 across sequential element (\axi_intercon/axi_xbar /\gen_slv_port_demux[1].i_axi_err_slv /\i_atop_filter/r_resp_cmd/i_fifo/i_fifo_v3/mem_q_reg[0][len][6] )
INFO: [Synth 8-3333] propagating constant 0 across sequential element (\axi_intercon/axi_xbar /\gen_slv_port_demux[1].i_axi_err_slv /\i_atop_filter/r_resp_cmd/i_fifo/i_fifo_v3/mem_q_reg[0][len][4] )
INFO: [Synth 8-3333] propagating constant 0 across sequential element (\axi_intercon/axi_xbar /\gen_slv_port_demux[1].i_axi_err_slv /\i_atop_filter/r_resp_cmd/i_fifo/i_fifo_v3/mem_q_reg[0][len][5] )
INFO: [Synth 8-3333] propagating constant 0 across sequential element (\axi_intercon/axi_xbar /\gen_slv_port_demux[1].i_axi_err_slv /\i_atop_filter/r_resp_cmd/i_fifo/i_fifo_v3/mem_q_reg[0][len][0] )
INFO: [Synth 8-3333] propagating constant 0 across sequential element (\axi_intercon/axi_xbar /\gen_slv_port_demux[1].i_axi_err_slv /\i_atop_filter/r_resp_cmd/i_fifo/i_fifo_v3/mem_q_reg[0][len][1] )
INFO: [Synth 8-3333] propagating constant 0 across sequential element (\axi_intercon/axi_xbar /\gen_slv_port_demux[1].i_axi_err_slv /\i_atop_filter/r_resp_cmd/i_fifo/i_fifo_v3/mem_q_reg[0][len][2] )
INFO: [Synth 8-3333] propagating constant 0 across sequential element (\axi_intercon/axi_xbar /\gen_slv_port_demux[1].i_axi_err_slv /\i_atop_filter/r_resp_cmd/i_fifo/i_fifo_v3/mem_q_reg[0][len][3] )
INFO: [Synth 8-3333] propagating constant 0 across sequential element (\axi_intercon/axi_xbar /\gen_slv_port_demux[0].i_axi_demux /\gen_demux.lock_aw_valid_q_reg )
INFO: [Synth 8-3333] propagating constant 0 across sequential element (\axi_intercon/axi_xbar /\gen_slv_port_demux[2].i_axi_err_slv /\i_atop_filter/id_q_reg[0] )
INFO: [Synth 8-3333] propagating constant 0 across sequential element (\axi_intercon/axi_xbar /\gen_slv_port_demux[1].i_axi_err_slv /\i_atop_filter/id_q_reg[0] )
INFO: [Synth 8-3333] propagating constant 0 across sequential element (\axi_intercon/axi_xbar /\gen_slv_port_demux[1].i_axi_err_slv /\i_atop_filter/id_q_reg[1] )
INFO: [Synth 8-3333] propagating constant 0 across sequential element (\axi_intercon/axi_xbar /\gen_slv_port_demux[1].i_axi_err_slv /\i_atop_filter/id_q_reg[2] )
INFO: [Synth 8-3333] propagating constant 0 across sequential element (\axi_intercon/axi_xbar /\gen_slv_port_demux[1].i_axi_err_slv /\i_atop_filter/id_q_reg[3] )
WARNING: [Synth 8-3332] Sequential element (i_atop_filter/FSM_sequential_w_state_q_reg[2]) is unused and will be removed from module axi_err_slv__1.
WARNING: [Synth 8-3332] Sequential element (i_atop_filter/FSM_sequential_w_state_q_reg[1]) is unused and will be removed from module axi_err_slv__1.
WARNING: [Synth 8-3332] Sequential element (i_atop_filter/FSM_sequential_w_state_q_reg[0]) is unused and will be removed from module axi_err_slv__1.
