GENOME NON_GENOME PIN 10: GENOME NON_GENOME PIN 4
GENOME NON_GENOME PIN 4: GENOME NON_GENOME PIN 10
GENOME NON_GENOME PIN 326: GENOME NON_GENOME PIN 327
GENOME NON_GENOME PIN 327: GENOME NON_GENOME PIN 326
GENOME NON_GENOME PIN 328: GENOME NON_GENOME PIN 329
GENOME NON_GENOME PIN 329: GENOME NON_GENOME PIN 328
GENOME NON_GENOME PIN 331: GENOME NON_GENOME PIN 332
GENOME NON_GENOME PIN 332: GENOME NON_GENOME PIN 331
GENOME NON_GENOME PIN 330: GENOME NON_GENOME PIN 333
GENOME NON_GENOME PIN 333: GENOME NON_GENOME PIN 330
GENOME NON_GENOME PIN 334: GENOME NON_GENOME PIN 335 GENOME NON_GENOME PIN 336 GENOME NON_GENOME PIN 337
GENOME NON_GENOME PIN 335: GENOME NON_GENOME PIN 334
GENOME NON_GENOME PIN 336: GENOME NON_GENOME PIN 334
GENOME NON_GENOME PIN 337: GENOME NON_GENOME PIN 334
INST rvfpga__GC0 PIN 395: INST swervolf_core__GCB1 PIN 290 TYPE 5
INST rvfpga__GC0 PIN 396: INST swervolf_core__GCB1 PIN 291 TYPE 5
INST rvfpga__GC0 PIN 397: INST swervolf_core__GCB1 PIN 292 TYPE 5
INST rvfpga__GC0 PIN 398: INST swervolf_core__GCB1 PIN 293 TYPE 5
INST rvfpga__GC0 PIN 399: INST swervolf_core__GCB1 PIN 294 TYPE 5
INST rvfpga__GC0 PIN 440: INST swervolf_core__GCB1 PIN 335 TYPE 5
INST rvfpga__GC0 PIN 441: INST swervolf_core__GCB1 PIN 336 TYPE 5
INST rvfpga__GC0 PIN 442: INST swervolf_core__GCB1 PIN 337 TYPE 5
INST rvfpga__GC0 PIN 443: INST swervolf_core__GCB1 PIN 338 TYPE 5
INST rvfpga__GC0 PIN 444: INST swervolf_core__GCB1 PIN 339 TYPE 5
INST rvfpga__GC0 PIN 445: INST swervolf_core__GCB1 PIN 340 TYPE 5
INST rvfpga__GC0 PIN 446: INST swervolf_core__GCB1 PIN 341 TYPE 5
INST rvfpga__GC0 PIN 447: INST swervolf_core__GCB1 PIN 342 TYPE 5
INST rvfpga__GC0 PIN 448: INST swervolf_core__GCB1 PIN 347 TYPE 5
INST rvfpga__GC0 PIN 449: INST swervolf_core__GCB1 PIN 348 TYPE 5
INST rvfpga__GC0 PIN 450: INST swervolf_core__GCB1 PIN 349 TYPE 5
INST rvfpga__GC0 PIN 451: INST swervolf_core__GCB1 PIN 350 TYPE 5
INST rvfpga__GC0 PIN 452: INST swervolf_core__GCB1 PIN 343 TYPE 5
INST rvfpga__GC0 PIN 453: INST swervolf_core__GCB1 PIN 344 TYPE 5
INST rvfpga__GC0 PIN 454: INST swervolf_core__GCB1 PIN 345 TYPE 5
INST rvfpga__GC0 PIN 455: INST swervolf_core__GCB1 PIN 346 TYPE 5
INST rvfpga__GC0 PIN 538: INST swervolf_core__GCB1 PIN 358 TYPE 5
INST rvfpga__GC0 PIN 539: INST swervolf_core__GCB1 PIN 359 TYPE 5
INST rvfpga__GC0 PIN 540: INST swervolf_core__GCB1 PIN 360 TYPE 5
INST rvfpga__GC0 PIN 541: INST swervolf_core__GCB1 PIN 361 TYPE 5
INST rvfpga__GC0 PIN 542: INST swervolf_core__GCB1 PIN 362 TYPE 5
INST rvfpga__GC0 PIN 583: INST swervolf_core__GCB1 PIN 403 TYPE 5
INST rvfpga__GC0 PIN 584: INST swervolf_core__GCB1 PIN 404 TYPE 5
INST rvfpga__GC0 PIN 585: INST swervolf_core__GCB1 PIN 405 TYPE 5
INST rvfpga__GC0 PIN 586: INST swervolf_core__GCB1 PIN 406 TYPE 5
INST rvfpga__GC0 PIN 587: INST swervolf_core__GCB1 PIN 407 TYPE 5
INST rvfpga__GC0 PIN 588: INST swervolf_core__GCB1 PIN 408 TYPE 5
INST rvfpga__GC0 PIN 589: INST swervolf_core__GCB1 PIN 409 TYPE 5
INST rvfpga__GC0 PIN 590: INST swervolf_core__GCB1 PIN 410 TYPE 5
INST rvfpga__GC0 PIN 591: INST swervolf_core__GCB1 PIN 415 TYPE 5
INST rvfpga__GC0 PIN 592: INST swervolf_core__GCB1 PIN 416 TYPE 5
INST rvfpga__GC0 PIN 593: INST swervolf_core__GCB1 PIN 417 TYPE 5
INST rvfpga__GC0 PIN 594: INST swervolf_core__GCB1 PIN 418 TYPE 5
INST rvfpga__GC0 PIN 595: INST swervolf_core__GCB1 PIN 411 TYPE 5
INST rvfpga__GC0 PIN 596: INST swervolf_core__GCB1 PIN 412 TYPE 5
INST rvfpga__GC0 PIN 597: INST swervolf_core__GCB1 PIN 413 TYPE 5
INST rvfpga__GC0 PIN 598: INST swervolf_core__GCB1 PIN 414 TYPE 5
INST mem PIN 245: INST dec__GB0 PIN 1679 TYPE 5
INST mem PIN 262: INST lsu__GB1 PIN 387 TYPE 5
INST mem PIN 263: INST lsu__GB1 PIN 388 TYPE 5
INST mem PIN 278: INST lsu__GB1 PIN 403 TYPE 5
INST mem PIN 279: INST lsu__GB1 PIN 404 TYPE 5
INST mem PIN 294: INST lsu__GB1 PIN 419 TYPE 5
INST mem PIN 295: INST lsu__GB1 PIN 420 TYPE 5
INST mem PIN 604: INST swerv__GCB0 PIN 817 TYPE 5
INST mem PIN 605: INST swerv__GCB0 PIN 818 TYPE 5
INST mem PIN 606: INST swerv__GCB0 PIN 819 TYPE 5
INST mem PIN 607: INST swerv__GCB0 PIN 820 TYPE 5
INST rvfpga__GC0 PIN 326: INST rvfpga__GC0 PIN 327 TYPE 2 INST NON_GENOME PIN 62 TYPE 4
INST rvfpga__GC0 PIN 328: INST rvfpga__GC0 PIN 329 TYPE 2 INST NON_GENOME PIN 64 TYPE 4
INST rvfpga__GC0 PIN 331: INST rvfpga__GC0 PIN 332 TYPE 2 INST NON_GENOME PIN 67 TYPE 4
INST rvfpga__GC0 PIN 330: INST rvfpga__GC0 PIN 333 TYPE 2 INST NON_GENOME PIN 68 TYPE 4
INST rvfpga__GC0 PIN 334: INST rvfpga__GC0 PIN 335 TYPE 2 INST NON_GENOME PIN 70 TYPE 4 INST rvfpga__GC0 PIN 336 TYPE 2 INST NON_GENOME PIN 71 TYPE 4 INST rvfpga__GC0 PIN 337 TYPE 2 INST NON_GENOME PIN 72 TYPE 4
INST rvfpga__GC0 PIN 299: GENOME rvfpga__GC0 PIN 299
INST rvfpga__GC0 PIN 327: GENOME rvfpga__GC0 PIN 327
INST rvfpga__GC0 PIN 329: GENOME rvfpga__GC0 PIN 329
INST rvfpga__GC0 PIN 332: GENOME rvfpga__GC0 PIN 332
INST rvfpga__GC0 PIN 333: GENOME rvfpga__GC0 PIN 333
INST rvfpga__GC0 PIN 335: GENOME rvfpga__GC0 PIN 335
INST rvfpga__GC0 PIN 336: GENOME rvfpga__GC0 PIN 336
INST rvfpga__GC0 PIN 337: GENOME rvfpga__GC0 PIN 337
INST rvfpga__GC0 PIN 683: GENOME rvfpga__GC0 PIN 683
INST rvfpga__GC0 PIN 684: GENOME rvfpga__GC0 PIN 684
INST mem PIN 625: GENOME mem PIN 625
INST litedram_top__GC0 PIN 0: GENOME litedram_top__GC0 PIN 0
INST litedram_top__GC0 PIN 6: INST litedram_core__GC0 PIN 65 TYPE 5
INST rvfpga__GC0 PIN 83: INST swervolf_core__GCB1 PIN 1089 TYPE 0 GENOME rvfpga__GC0 PIN 83
INST rvfpga__GC0 PIN 84: INST swervolf_core__GCB1 PIN 1090 TYPE 0 GENOME rvfpga__GC0 PIN 84
