xilinx rtfpga
WARNING: [Synth 8-3331] design rvdffe__27 has unconnected port scan_mode
WARNING: [Synth 8-3331] design rvdffe__26 has unconnected port scan_mode
WARNING: [Synth 8-3331] design rvdffe__25 has unconnected port scan_mode
WARNING: [Synth 8-3331] design rvdffe__24 has unconnected port scan_mode
WARNING: [Synth 8-3331] design rvdffe__23 has unconnected port scan_mode
WARNING: [Synth 8-3331] design rvdffe__22 has unconnected port scan_mode
WARNING: [Synth 8-3331] design rvdffe__21 has unconnected port scan_mode
WARNING: [Synth 8-3331] design rvdffe__20 has unconnected port scan_mode
WARNING: [Synth 8-3331] design rvdffe__19 has unconnected port scan_mode
WARNING: [Synth 8-3331] design rvdffe__18 has unconnected port scan_mode
WARNING: [Synth 8-3331] design rvdffe__17 has unconnected port scan_mode
WARNING: [Synth 8-3331] design rvdffe__16 has unconnected port scan_mode
WARNING: [Synth 8-3331] design rvdffe__15 has unconnected port scan_mode
WARNING: [Synth 8-3331] design rvdffe__parameterized17 has unconnected port scan_mode
WARNING: [Synth 8-3331] design rvdffe__parameterized1__4 has unconnected port scan_mode
WARNING: [Synth 8-3331] design rvdffe__parameterized15 has unconnected port scan_mode
WARNING: [Synth 8-3331] design rvdffe__parameterized16 has unconnected port scan_mode
WARNING: [Synth 8-3331] design rvdffe__14 has unconnected port scan_mode
WARNING: [Synth 8-3331] design rvdffe__13 has unconnected port scan_mode
WARNING: [Synth 8-3331] design rvdffe__12 has unconnected port scan_mode
WARNING: [Synth 8-3331] design rvdffe__11 has unconnected port scan_mode
WARNING: [Synth 8-3331] design rvdffe__10 has unconnected port scan_mode
WARNING: [Synth 8-3331] design rvdffe__parameterized15__1 has unconnected port scan_mode
WARNING: [Synth 8-3331] design rvdffe__parameterized1__3 has unconnected port scan_mode
WARNING: [Synth 8-3331] design rvdffe__parameterized1__2 has unconnected port scan_mode
WARNING: [Synth 8-3331] design rvdffe__9 has unconnected port scan_mode
WARNING: [Synth 8-3331] design rvdffe__8 has unconnected port scan_mode
WARNING: [Synth 8-3331] design rvdffe__7 has unconnected port scan_mode
WARNING: [Synth 8-3331] design rvdffe__6 has unconnected port scan_mode
WARNING: [Synth 8-3331] design rvdffe__5 has unconnected port scan_mode
WARNING: [Synth 8-3331] design rvdffe__parameterized1__1 has unconnected port scan_mode
WARNING: [Synth 8-3331] design dec_timer_ctl has unconnected port dec_csr_rdaddr_d[11]
WARNING: [Synth 8-3331] design dec_timer_ctl has unconnected port dec_csr_rdaddr_d[10]
WARNING: [Synth 8-3331] design dec_timer_ctl has unconnected port dec_csr_rdaddr_d[9]
WARNING: [Synth 8-3331] design dec_timer_ctl has unconnected port dec_csr_rdaddr_d[8]
WARNING: [Synth 8-3331] design dec_timer_ctl has unconnected port dec_csr_rdaddr_d[7]
WARNING: [Synth 8-3331] design dec_timer_ctl has unconnected port dec_csr_rdaddr_d[3]
WARNING: [Synth 8-3331] design dec_timer_ctl has unconnected port scan_mode
WARNING: [Synth 8-3331] design rvdffe__parameterized1__15 has unconnected port scan_mode
WARNING: [Synth 8-3331] design rvdffe__parameterized1__14 has unconnected port scan_mode
WARNING: [Synth 8-3331] design rvdffe__parameterized1__13 has unconnected port scan_mode
WARNING: [Synth 8-3331] design rvdffe__parameterized1__12 has unconnected port scan_mode
WARNING: [Synth 8-3331] design rvdffe__parameterized1__11 has unconnected port scan_mode
WARNING: [Synth 8-3331] design rvdffe__parameterized1__10 has unconnected port scan_mode
WARNING: [Synth 8-3331] design rvdffe__parameterized1__9 has unconnected port scan_mode
WARNING: [Synth 8-3331] design rvdffe__parameterized1__8 has unconnected port scan_mode
WARNING: [Synth 8-3331] design rvdffe__parameterized1__7 has unconnected port scan_mode
WARNING: [Synth 8-3331] design rvdffe__parameterized1__6 has unconnected port scan_mode
WARNING: [Synth 8-3331] design rvdffe__54 has unconnected port scan_mode
WARNING: [Synth 8-3331] design rvdffe__53 has unconnected port scan_mode
WARNING: [Synth 8-3331] design rvdffe__52 has unconnected port scan_mode
WARNING: [Synth 8-3331] design rvdffe__51 has unconnected port scan_mode
WARNING: [Synth 8-3331] design rvdffe__50 has unconnected port scan_mode
WARNING: [Synth 8-3331] design rvdffe__49 has unconnected port scan_mode
WARNING: [Synth 8-3331] design rvdffe__48 has unconnected port scan_mode
WARNING: [Synth 8-3331] design rvdffe__47 has unconnected port scan_mode
WARNING: [Synth 8-3331] design rvdffe__46 has unconnected port scan_mode
WARNING: [Synth 8-3331] design rvdffe__45 has unconnected port scan_mode
WARNING: [Synth 8-3331] design rvdffe__44 has unconnected port scan_mode
WARNING: [Synth 8-3331] design rvdffe__43 has unconnected port scan_mode
WARNING: [Synth 8-3331] design rvdffe__42 has unconnected port scan_mode
WARNING: [Synth 8-3331] design rvdffe__41 has unconnected port scan_mode
WARNING: [Synth 8-3331] design rvdffe__40 has unconnected port scan_mode
WARNING: [Synth 8-3331] design rvdffe__39 has unconnected port scan_mode
WARNING: [Synth 8-3331] design rvdffe__38 has unconnected port scan_mode
WARNING: [Synth 8-3331] design rvdffe__37 has unconnected port scan_mode
WARNING: [Synth 8-3331] design rvdffe__36 has unconnected port scan_mode
WARNING: [Synth 8-3331] design rvdffe__35 has unconnected port scan_mode
WARNING: [Synth 8-3331] design rvdffe__34 has unconnected port scan_mode
WARNING: [Synth 8-3331] design rvdffe__parameterized1__5 has unconnected port scan_mode
WARNING: [Synth 8-3331] design rvdffe__parameterized13 has unconnected port scan_mode
WARNING: [Synth 8-3331] design rvdffe__parameterized13__4 has unconnected port scan_mode
WARNING: [Synth 8-3331] design rvdffe__parameterized13__3 has unconnected port scan_mode
WARNING: [Synth 8-3331] design rvdffe__parameterized13__2 has unconnected port scan_mode
WARNING: [Synth 8-3331] design rvdffe__parameterized13__1 has unconnected port scan_mode
WARNING: [Synth 8-3331] design rvdffe__parameterized2__4 has unconnected port scan_mode
WARNING: [Synth 8-3331] design rvdffe__parameterized2__3 has unconnected port scan_mode
WARNING: [Synth 8-3331] design rvdffe__parameterized2__2 has unconnected port scan_mode
WARNING: [Synth 8-3331] design rvdffe__parameterized2__1 has unconnected port scan_mode
WARNING: [Synth 8-3331] design rvdffe__33 has unconnected port scan_mode
WARNING: [Synth 8-3331] design rvdffe__32 has unconnected port scan_mode
WARNING: [Synth 8-3331] design rvdffe__31 has unconnected port scan_mode
WARNING: [Synth 8-3331] design rvdffe__30 has unconnected port scan_mode
WARNING: [Synth 8-3331] design rvdffe__29 has unconnected port scan_mode
WARNING: [Synth 8-3331] design rvdffe__28 has unconnected port scan_mode
WARNING: [Synth 8-3331] design rvdffe__parameterized11__1 has unconnected port scan_mode
WARNING: [Synth 8-3331] design rvdffe__58 has unconnected port scan_mode
WARNING: [Synth 8-3331] design rvdffe__57 has unconnected port scan_mode
WARNING: [Synth 8-3331] design rvdffe__parameterized12 has unconnected port scan_mode
WARNING: [Synth 8-3331] design rvdffe__parameterized12__3 has unconnected port scan_mode
WARNING: [Synth 8-3331] design rvdffe__parameterized11 has unconnected port scan_mode
WARNING: [Synth 8-3331] design rvdffe__parameterized11__4 has unconnected port scan_mode
WARNING: [Synth 8-3331] design rvdffe__parameterized3__4 has unconnected port scan_mode
WARNING: [Synth 8-3331] design rvdffe__parameterized3__3 has unconnected port scan_mode
WARNING: [Synth 8-3331] design rvdffe__56 has unconnected port scan_mode
WARNING: [Synth 8-3331] design rvdffe__55 has unconnected port scan_mode
WARNING: [Synth 8-3331] design rvdffe__parameterized12__2 has unconnected port scan_mode
WARNING: [Synth 8-3331] design rvdffe__parameterized12__1 has unconnected port scan_mode
WARNING: [Synth 8-3331] design rvdffe__parameterized11__3 has unconnected port scan_mode
WARNING: [Synth 8-3331] design rvdffe__parameterized11__2 has unconnected port scan_mode
INFO: [Common 17-14] Message 'Synth 8-3331' appears 100 times and further instances of the messages will be disabled. Use the Tcl command set_msg_config to change the current settings.
INFO: [Synth 8-3886] merging instance 'decode/freeze_before_ff/dout_reg[0]' (FDC) to 'decode/freezeff/dout_reg[1]'
INFO: [Synth 8-3333] propagating constant 0 across sequential element (tlu/\mip_ff/dout_reg[0] )
